"sjdivfriyaaqa\xd2v\"k\"mpcu\"yyu\"en" 38 29 0 4 1
"vcqc" 6 4 0 0 0
"zbcwgmbpijcxu\"yins\"sfxn" 27 23 0 2 0
"yumngprx" 10 8 0 0 0
"bbdj" 6 4 0 0 0
"czbggabkzo\"wsnw\"voklp\"s" 28 23 0 3 0
"acwt" 6 4 0 0 0
"aqttwnsohbzian\"evtllfxwkog\"cunzw" 36 32 0 2 0
"ugvsgfv" 9 7 0 0 0
"xlnillibxg" 12 10 0 0 0
"kexh\"pmi" 11 8 0 1 0
"syvugow" 9 7 0 0 0
"m\"ktqnw" 10 7 0 1 0
"yrbajyndte\\rm" 16 13 1 0 0
"f\"kak\x70sn\xc4kjri" 22 13 0 1 2
"yxthr" 7 5 0 0 0
"alvumfsjni\"kohg" 18 15 0 1 0
"trajs\x5brom\xf1yoijaumkem\"\"tahlzs" 38 28 0 2 2
"\"oedr\"pwdbnnrc" 18 14 0 2 0
"qsmzhnx\"" 11 8 0 1 0
"\"msoytqimx\\tbklqz" 21 17 1 1 0
"mjdfcgwdshrehgs" 17 15 0 0 0
"\"rivyxahf\"" 14 10 0 2 0
"ciagc\x04bp" 13 8 0 0 1
"xkfc" 6 4 0 0 0
"xrgcripdu\x4c\xc4gszjhrvumvz\"mngbirb" 39 30 0 1 2
"gvmae\"yiiujoqvr\"mkxmgbbut\"u" 32 27 0 3 0
"ih" 4 2 0 0 0
"ncrqlejehs" 12 10 0 0 0
"mkno\x43pcfdukmemycp" 22 17 0 0 1
"uanzoqxkpsksbvdnkji\"feamp" 28 25 0 1 0
"axoufpnbx\\ao\x61pfj\"b" 25 18 1 1 1
"dz\\ztawzdjy" 14 11 1 0 0
"ihne\"enumvswypgf" 19 16 0 1 0
"\"dgazthrphbshdo\\vuqoiy\"" 28 23 1 2 0
dlnmptzt\zahwpylc\b\"gmslrqysk 34 29 2 1 0
"mhxznyzcp" 11 9 0 0 0
"rebr\"amvxw\x5fmbnfpkkeghlntavj" 33 27 0 1 1
"lades\x47ncgdof\"\"jmbbk" 26 19 0 2 1
"dwxuis\xa5wdkx\\z\"admgnoddpgkt\\zs" 37 29 2 1 1
"g\\k\x27qsl\x34hwfglcdxqbeclt\xca\\" 37 23 2 1 3
"lhyjky\\m\"pvnm\\xmynpxnlhndmahjl" 35 27 2 1 1
"c\"uxabbgorrpprw\"xas\\vefkxioqpt" 35 30 1 2 0
"rfrvjxpevcmma\x71gtfipo" 25 20 0 0 1
"fgh\"kcwoqwfnjgdlzfclprg\"q" 29 25 0 2 0
"onxnwykrba" 12 10 0 0 0
"hkkg\x60f\"tjzsanpvarzgkfipl" 30 24 0 1 1
"\"aintes\"ofq\"juiaqlqxmvpe\\a" 32 26 1 3 0
"wiyczzs\"ciwk" 15 12 0 1 0
"mfqeu" 7 5 0 0 0
"v\xe1z\x7ftzalmvdmncfivrax\\rjwq" 34 25 1 0 2
"k\"vtg" 8 5 0 1 0
"exhrtdugeml\xf0" 17 12 0 0 1
"behnchkpld" 12 10 0 0 0
"mhgxy\"mfcrg\xc5gnp\"\"osqhj" 30 22 0 3 1
"rlvjy" 7 5 0 0 0
"awe" 5 3 0 0 0
"ctwy" 6 4 0 0 0
"vt" 4 2 0 0 0
"\x54t" 7 2 0 0 1
"zugfmmfomz" 12 10 0 0 0
"cv\"cvcvfaada\x04fsuqjinbfh\xa9cq\xd2c\"d" 43 30 0 2 3
"oj" 4 2 0 0 0
"xazanf\"wbmcrn" 16 13 0 1 0
\\zkisyjpbzandqikqjqvee 27 23 2 0 0
"dpsnbzdwnxk\\v" 16 13 1 0 0
"sj\"tuupr\\oyoh" 17 13 1 1 0
"myvkgnw\x81q\xaaokt\\emgejbsyvxcl\\\xee" 41 28 2 0 3
"ejeuqvunjcirdkkpt\"nlns" 25 22 0 1 0
"twmlvwxyvfyqqzu" 17 15 0 0 0
"\"xwtzdp\x98qkcis\"dm\\\"ep\"xyykq" 36 26 1 4 1
"vvcq\\expok" 13 10 1 0 0
"wgukjfanjgpdjb" 16 14 0 0 0
"\"mjcjajnxy\\dcpc" 19 15 1 1 0
"wdvgnecw\\ab\x44klceduzgsvu" 29 23 1 0 1
"dqtqkukr\"iacngufbqkdpxlwjjt" 30 27 0 1 0
"\"xj\"\x66qofsqzkoah" 22 15 0 2 1
"nptiwwsqdep" 13 11 0 0 0
"gsnlxql\x30mjl" 16 11 0 0 1
"yeezwokjwrhelny\"" 19 16 0 1 0
"bjauamn\\izpmzqqasid" 22 19 1 0 0
"tvjdbkn\"tiziw\x82r" 21 15 0 1 1
"w" 3 1 0 0 0
"xwoakbbnjnypnaa\xa9wft\"slrmoqkl" 34 28 0 1 1
"vwxtnlvaaasyruykgygrvpiopzygf\"vq" 35 32 0 1 0
"qdancvnvmhlmpj\\isdxs" 23 20 1 0 0
"xzc\\elw" 10 7 1 0 0
"b\"wxeqvy\"qf\"g\xcaoklsucwicyw\"dovr" 39 30 0 4 1
"yomlvvjdbngz\"rly\"afr" 24 20 0 2 0
"bfb\"x\"aweuwbwmoa\x13\"t\"zhr" 32 23 0 4 1
"\"dmfoxb\"qvpjzzhykt\xd2\"\"ryhxi" 35 26 0 4 1
"psqef\"yu\\qiflie\"\x79w" 26 18 1 2 1
"arzewkej\"lqmh\\sayyusxxo\\" 29 23 2 2 0
"vuvvp" 7 5 0 0 0
"hc\"lg\x6bcpupsewzklai\"l" 27 20 0 2 1
"cjdfygc\"auorqybnuqghsh\x10" 29 23 0 1 1
"j" 3 1 0 0 0
"wqjexk\"eyq\\lbroqhk\\dqzsqk" 30 25 2 1 0
"dws\"ru\"dvxfiwapif\"oqwzmle" 30 25 0 3 0
"agcykg\\jt\\vzklqjvknoe" 25 21 2 0 0
"kksd\"jmslja\\z\"y\\b\xaagpyojct" 34 25 2 2 1
"nnpipxufvbfpoz\"jno" 21 18 0 1 0
"dtw" 5 3 0 0 0
"xlolvtahvgqkx\\dgnhj\\spsclpcxv\\" 35 29 3 1 0
"mxea\\mbjpi" 13 10 1 0 0
"lgbotkk\"zmxh\\\\qji\"jszulnjsxkqf" 36 30 2 2 0
"lwckmhwhx\"gmftlb\x91am" 25 19 0 1 1
"xxdxqyxth" 11 9 0 0 0
"\"lmqhwkjxmvayxy" 18 15 0 1 0
"tf" 4 2 0 0 0
"qy" 4 2 0 0 0
"wdqmwxdztax\"m\"\x09\x11xdxmfwxmtqgwvf" 40 30 0 2 2
"\xcbnazlf\"ghziknszmsrahaf" 28 22 0 1 1
"e\x6aupmzhxlvwympgjjpdvo\"kylfa" 33 27 0 1 1
"\x81vhtlillb\xactgoatva" 25 17 0 0 2
"dvnlgr" 8 6 0 0 0
"f" 3 1 0 0 0
"xg\xfacwizsadgeclm" 20 15 0 0 1
"vnnrzbtw\"\\prod\\djbyppngwayy\"" 34 28 2 2 0
"lrt\xf4jahwvfz" 16 11 0 0 1
"aqpnjtom\"ymkak\\dadfybqrso\\fwv" 34 29 2 1 0
"gz\"aac\"mrbk\"ktommrojraqh" 29 24 0 3 0
"wycamwoecsftepfnlcdkm" 23 21 0 0 0
"nrhddblbuzlqsl\x9cben" 23 18 0 0 1
"vckxhyqkmqmdseazcykrbysm" 26 24 0 0 0
"sil\xbbtevmt\"gvrvybui\"faw\"j" 32 24 0 3 1
"cjex\\tp\x45pzf" 17 11 1 0 1
"asjobvtxszfodgf\"ibftg" 24 21 0 1 0
"gkyjyjdrxdcllnh\"sjcibenrdnxv" 31 28 0 1 0
"oswsdpjyxpbwnqbcpl\"yrdvs\\zq" 31 27 1 1 0
"\"\"tyowzc\\fycbp\"jbwrbvgui" 30 24 1 3 0
"cbpcabqkdgzmpgcwjtrchxp" 25 23 0 0 0
"iyrzfh\x45gw\"fdlfpiaap\x31xqq" 32 23 0 1 2
"evgksznidz" 12 10 0 0 0
"b\\w\\" 8 3 2 1 0
"loufizbiy\x57aim\"bgk" 23 17 0 1 1
"qjfyk" 7 5 0 0 0
"g\"anmloghvgr\x07zwqougqhdz" 29 23 0 1 1
"usbbmwcxd\\bdgg" 17 14 1 0 0
"htitqcpczml" 13 11 0 0 0
"eke\\cqvpexqqk\"to\"tqmljrpn\xe6lji\"" 39 30 1 3 1
"g\xd2ifdsej" 13 8 0 0 1
"h\"sk\"haajajpagtcqnzrfqn\xe6btzo" 35 28 0 2 1
"wfkuffdxlvm\\cvlyzlbyunclhmpp" 31 28 1 0 0
"myaavh\"spue" 14 11 0 1 0
"hqvez\x68d\"eo\"eaioh" 23 16 0 2 1
"s\"qd\"oyxxcglcdnuhk" 22 18 0 2 0
"ilqvar" 8 6 0 0 0
"srh" 5 3 0 0 0
"puuifxrfmpc\"bvalwi\x2blu\\" 29 21 1 2 1
"yywlbutufzysbncw\\nqsfbhpz\"mngjq" 35 31 1 1 0
"zbl\\jfcuop" 13 10 1 0 0
"hjdouiragzvxsqkreup\\" 23 19 1 1 0
"qi" 4 2 0 0 0
"ckx\\funlj\xa7ahi" 19 13 1 0 1
"k" 3 1 0 0 0
"ufrcnh\"ajteit" 16 13 0 1 0
"cqv\"bgjozjj\x60x\xa8yhvmdvutchjotyuz" 39 30 0 1 2
"hkuiet\"oku\x8cfhumfpasl" 26 20 0 1 1
"\"\\sbe\x4d" 13 6 1 1 1
"vhknazqt" 10 8 0 0 0
"eyyizvzcahgflvmoowvs\\jhvygci" 31 28 1 0 0
"kki\x3ewcefkgtjap\"xtpxh\"lzepoqj" 35 28 0 2 1
"wvtk" 6 4 0 0 0
"\"ynet" 8 5 0 1 0
"zh\\obk\"otagx\x59txfzf" 25 18 1 1 1
"ocowhxlx\xe6zqg\x63wx\\tclkhq\\vmaze" 38 28 2 0 2
"w\"cf" 7 4 0 1 0
"qpniprnrzrnvykghqnalr" 23 21 0 0 0
"jctcqra\"\x05dhlydpqamorqjsijt\\xjdgt" 39 29 1 1 2
"sig" 5 3 0 0 0
"qhlbidbflwxe\"xljbwls\x20vht" 30 24 0 1 1
"irmrebfla\xefsg\"j" 20 14 0 1 1
"nep" 5 3 0 0 0
"hjuvsqlizeqobepf" 18 16 0 0 0
"guzbcdp\"obyh" 15 12 0 1 0
"\"mjagins\xf9tqykaxy\"" 24 17 0 2 1
"knvsdnmtr\"zervsb" 19 16 0 1 0
"hzuy" 6 4 0 0 0
"zza\"k\"buapb\\elm\xfeya" 26 18 1 2 1
"lrqar\"dfqwkaaqifig\"uixjsz" 29 25 0 2 0
"\"azuo\x40rmnlhhluwsbbdb\x32pk\\yu\"pbcf" 42 31 1 2 2
"dplkdyty" 10 8 0 0 0
"rfoyciebwlwphcycmguc" 22 20 0 0 0
"ivnmmiemhgytmlprq\\eh" 23 20 1 0 0
"lhkyzaaothfdhmbpsqd\\yyw" 26 23 1 0 0
"tnlzifupcjcaj" 15 13 0 0 0
"\\qiyirsdrfpmu\\\x15xusifaag" 30 23 2 0 1
"\\lcomf\\s" 12 8 2 0 0
"uramjivcirjhqcqcg" 19 17 0 0 0
"kkbaklbxfxikffnuhtu\xc6t\"d" 29 23 0 1 1
"n\xefai" 9 4 0 0 1
"\"toy\"bnbpevuzoc\"muywq\"gz\"grbm" 36 29 0 5 0
"\"muu\\wt" 11 7 1 1 0
"\\srby\"ee" 12 8 1 1 0
"erf\"gvw\"swfppf" 18 14 0 2 0
"pbqcgtn\"iuianhcdazfvmidn\\nslhxdf" 36 32 1 1 0
"uxbp" 6 4 0 0 0
"up\\mgrcyaegiwmjufn" 21 18 1 0 0
"nulscgcewj\\dvoyvhetdegzhs\"" 30 26 1 1 0
"masv\"k\\rzrb" 15 11 1 1 0
"qtx\x79d\"xdxmbxrvhj" 22 16 0 1 1
"fid\\otpkgjlh\"qgsvexrckqtn\xf4" 33 26 1 1 1
"tagzu" 7 5 0 0 0
"bvl\\\"noseec" 15 11 1 1 0
"\\xgicuuh" 11 5 1 0 1
"w\"a\"npemf" 13 9 0 2 0
"sxp" 5 3 0 0 0
"nsmpktic\x8awxftscdcvijjobnq\"gjd" 35 29 0 1 1
"uks\"\"jxvyvfezz\"aynxoev\"cuoav" 34 28 0 4 0
"m" 3 1 0 0 0
"lkvokj" 8 6 0 0 0
"vkfam\"yllr\"q\x92o\x4ebecnvhshhqe\\" 38 26 1 3 2
"efdxcjkjverw" 14 12 0 0 0
"lmqzadwhfdgmep\x02tzfcbgrbfekhat" 34 29 0 0 1
"cpbk\x9azqegbpluczssouop\x36ztpuoxsw" 38 30 0 0 2
"cqwoczxdd\"erdjka" 19 16 0 1 0
"cwvqnjgbw\\fxdlby" 19 16 1 0 0
"mvtm" 6 4 0 0 0
"lt\"bbqzpumplkg" 17 14 0 1 0
"ntd\xeeuwweucnuuslqfzfq" 25 20 0 0 1
"y\xabl\"dbebxjrlbmuoo\\\x1au" 30 20 1 1 2
"qjoqx\\a" 10 7 1 0 0
"pu\"ekdnfpmly\xbago\"" 23 16 0 2 1
"fjhhdy" 8 6 0 0 0
"arl" 5 3 0 0 0
"xcywisim\"bwuwf\"\"raepeawwjub" 32 27 0 3 0
"pbe" 5 3 0 0 0
"dbnqfpzyaumxtqnd\xc5dcqrkwyop" 31 26 0 0 1
"ojv\x40vtkwgkqepm\x8bzft\\vedrry" 34 25 1 0 2
"wggqkfbwqumsgajqwphjec\"mstxpwz" 33 30 0 1 0
"zjkbem" 8 6 0 0 0
"icpfqxbelxazlls" 17 15 0 0 0
"pvpqs\\abcmtyielugfgcv\"tjxapxqxnx" 36 32 1 1 0
"oqddwlvmtv\"\x39lyybylfb\"jmngnpjrdw" 38 31 0 2 1
"gisgbve" 9 7 0 0 0
"\"aglg" 8 5 0 1 0
"y\"\"ss\xafvhxlrjv" 20 13 0 2 1
"qbgqjsra" 10 8 0 0 0
"ihshbjgqpdcljpmdwdprwloy" 26 24 0 0 0
"djja\\wcdn\"svkrgpqn\"uz\"hc\x43hj" 36 27 1 3 1
"cbjm" 6 4 0 0 0
"pnn" 5 3 0 0 0
"pqvh\"noh" 11 8 0 1 0
"\"\\fdktlp" 12 8 1 1 0
"ncea" 6 4 0 0 0
"pqgzphiyy" 11 9 0 0 0
"\xbedovhxuipaohlcvkwtxwmpz\"ckaif\"r" 38 31 0 2 1
"arjuzbjowqciunfwgxtph\"vlhy\"n" 32 28 0 2 0
"c" 3 1 0 0 0
"nrpdxunulgudqzlhtae" 21 19 0 0 0
"iefheu\"uru\"" 15 11 0 2 0
"aqijysxuijud\"np\\opbichhudil\xbesum" 38 31 1 1 1
"pfpevmtstl\"lde\"bzr\"vspdxs" 30 25 0 3 0
"vparfbdjwvzsocpnzhp" 21 19 0 0 0
"g\x4ffxaarafrsjthq\\\xc1rw" 28 19 1 0 2
"ng\\rqx\\gwpzucbh\xafl" 24 17 2 0 1
"rw\"nf\\dna" 13 9 1 1 0
"jkkeahxurxla\\g\xb3czrlsyimmwcwthr" 36 30 1 0 1
"twaailoypu\"oas\"kpuuyedlaw\\\xb0vzt" 38 30 1 2 1
"hznex\\gdiqvtugi" 18 15 1 0 0
"imdibsunjeswhk" 16 14 0 0 0
"ta\\icileuzpxro\"cfmv\"mzp" 28 23 1 2 0
"coykr\x57luiysucfaflmilhlehmvzeiepo" 37 32 0 0 1
"u\x3dfh\xd4yt" 15 7 0 0 2
"piw\x1bz\"eowy\"vfk\"wqiekw" 29 21 0 3 1
"gan\"y" 8 5 0 1 0
"p\"bevidoazcznr\"hddxuuq\"" 28 23 0 3 0
"bwzucczznutbxe" 16 14 0 0 0
"z\"viqgyqjisior\\iecosmjbknol" 31 27 1 1 0
"dmlpcglcfkfsctxydjvayhymv\x3c\\gp" 35 29 1 0 1
"bfvkqrintbbvgfv" 17 15 0 0 0
"xlzntrgdck\"cprc\xadczyarbznqmuhxyuh" 38 32 0 1 1
"uqdxnuwioc\"kdytxq\\ig" 24 20 1 1 0
"xrafmucpmfi" 13 11 0 0 0
"vr\"hltmfrge" 14 11 0 1 0
"eonf\"nt\\wtcnsocs" 20 16 1 1 0
"j\xb7xoslyjeyjksplkqixncgkylkw" 32 27 0 0 1
"njw\"pefgfbez\x9axshdmplxzquqe" 32 26 0 1 1
"di\x58bvptfsafirpc" 20 15 0 0 1
"l\x1fkco" 10 5 0 0 1
"x" 3 1 0 0 0
"mprndo\"n" 11 8 0 1 0
"psegit" 8 6 0 0 0
"svbdnkkuuqs\"sqxu\"oqcyz\"aizashk" 35 30 0 3 0
"cwkljukxer\\\"\\nff\"esjwiyaoy" 32 26 2 2 0
"ilxrkgbjjxpvhdtq\"cpiuoofdnkpp" 32 29 0 1 0
"hlngi\"ulxep\\qohtmqnqjb\"rkgerho" 35 30 1 2 0
"gxws\"bcgm\"p" 15 11 0 2 0
"bv\"mds\\zhfusiepgrz\\b\x32fscdzz" 35 27 2 1 1
"l\xfampwtme\x69qvxnx\"\"\xc4jruuymjxrpsv" 42 29 0 2 3
"qqmxhrn" 9 7 0 0 0
"xziq\\\x18ybyv\x9am\"neacoqjzytertisysza" 42 32 1 1 2
"aqcbvlvcrzceeyx\\j\"\"x" 25 20 1 2 0
"yjuhhb" 8 6 0 0 0
"\x5em\"squulpy" 16 10 0 1 1
"dpbntplgmwb" 13 11 0 0 0
"utsgfkm\\vbftjknlktpthoeo" 27 24 1 0 0
"ccxjgiocmuhf\"ycnh" 20 17 0 1 0
"lltj\"kbbxi" 13 10 0 1 0
6310 4961 1349
